<?xml version="1.0" encoding="UTF-8"?>
<coverage generated="1709223352931" clover="3.2.0">
  <project timestamp="1709223352931" name="All files">
    <metrics statements="17" coveredstatements="11" conditionals="4" coveredconditionals="1" methods="2" coveredmethods="1" elements="23" coveredelements="13" complexity="0" loc="17" ncloc="17" packages="1" files="1" classes="1"/>
    <file name="OcrPng2Pdf.ts" path="C:\Users\Sebastian\NodeJS\checkedOutPdfOcr\pdf-ocr-ts\src\OcrPng2Pdf.ts">
      <metrics statements="17" coveredstatements="11" conditionals="4" coveredconditionals="1" methods="2" coveredmethods="1"/>
      <line num="1" count="1" type="stmt"/>
      <line num="2" count="1" type="stmt"/>
      <line num="3" count="1" type="stmt"/>
      <line num="4" count="1" type="stmt"/>
      <line num="6" count="2" type="stmt"/>
      <line num="9" count="0" type="stmt"/>
      <line num="10" count="0" type="stmt"/>
      <line num="11" count="0" type="stmt"/>
      <line num="12" count="0" type="cond" truecount="0" falsecount="1"/>
      <line num="14" count="0" type="stmt"/>
      <line num="16" count="0" type="stmt"/>
      <line num="20" count="2" type="stmt"/>
      <line num="21" count="2" type="stmt"/>
      <line num="22" count="2" type="stmt"/>
      <line num="23" count="2" type="stmt"/>
      <line num="24" count="2" type="stmt"/>
      <line num="25" count="2" type="stmt"/>
    </file>
  </project>
</coverage>
