{"/workspaces/pdf-ocr-ts/src/OcrPng2Pdf.ts": {"path":"/workspaces/pdf-ocr-ts/src/OcrPng2Pdf.ts","statementMap":{"0":{"start":{"line":6,"column":21},"end":{"line":6,"column":null}},"1":{"start":{"line":1,"column":22},"end":{"line":1,"column":null}},"2":{"start":{"line":2,"column":15},"end":{"line":2,"column":null}},"3":{"start":{"line":3,"column":17},"end":{"line":3,"column":null}},"4":{"start":{"line":4,"column":25},"end":{"line":4,"column":34}},"5":{"start":{"line":9,"column":21},"end":{"line":9,"column":null}},"6":{"start":{"line":10,"column":40},"end":{"line":10,"column":null}},"7":{"start":{"line":11,"column":28},"end":{"line":11,"column":107}},"8":{"start":{"line":12,"column":8},"end":{"line":15,"column":null}},"9":{"start":{"line":14,"column":12},"end":{"line":14,"column":null}},"10":{"start":{"line":16,"column":8},"end":{"line":16,"column":null}},"11":{"start":{"line":20,"column":23},"end":{"line":20,"column":null}},"12":{"start":{"line":23,"column":21},"end":{"line":23,"column":null}},"13":{"start":{"line":24,"column":8},"end":{"line":24,"column":null}},"14":{"start":{"line":25,"column":8},"end":{"line":25,"column":null}}},"fnMap":{"0":{"name":"(anonymous_2)","decl":{"start":{"line":8,"column":4},"end":{"line":8,"column":24}},"loc":{"start":{"line":8,"column":113},"end":{"line":17,"column":null}}},"1":{"name":"(anonymous_3)","decl":{"start":{"line":19,"column":4},"end":{"line":19,"column":24}},"loc":{"start":{"line":19,"column":106},"end":{"line":26,"column":null}}}},"branchMap":{"0":{"loc":{"start":{"line":8,"column":51},"end":{"line":8,"column":75}},"type":"default-arg","locations":[{"start":{"line":8,"column":63},"end":{"line":8,"column":75}}]},"1":{"loc":{"start":{"line":8,"column":77},"end":{"line":8,"column":111}},"type":"default-arg","locations":[{"start":{"line":8,"column":102},"end":{"line":8,"column":111}}]},"2":{"loc":{"start":{"line":12,"column":8},"end":{"line":15,"column":null}},"type":"if","locations":[{"start":{"line":12,"column":8},"end":{"line":15,"column":null}}]},"3":{"loc":{"start":{"line":19,"column":70},"end":{"line":19,"column":104}},"type":"default-arg","locations":[{"start":{"line":19,"column":95},"end":{"line":19,"column":104}}]}},"s":{"0":2,"1":1,"2":1,"3":1,"4":1,"5":0,"6":0,"7":0,"8":0,"9":0,"10":0,"11":2,"12":2,"13":2,"14":2},"f":{"0":0,"1":2},"b":{"0":[0],"1":[0],"2":[0],"3":[2]}}
,"/workspaces/pdf-ocr-ts/src/utils/Logger.ts": {"path":"/workspaces/pdf-ocr-ts/src/utils/Logger.ts","statementMap":{"0":{"start":{"line":3,"column":16},"end":{"line":3,"column":26}},"1":{"start":{"line":4,"column":4},"end":{"line":12,"column":null}},"2":{"start":{"line":7,"column":8},"end":{"line":7,"column":null}},"3":{"start":{"line":8,"column":11},"end":{"line":12,"column":null}},"4":{"start":{"line":11,"column":8},"end":{"line":11,"column":null}}},"fnMap":{"0":{"name":"simpleLog","decl":{"start":{"line":3,"column":16},"end":{"line":3,"column":26}},"loc":{"start":{"line":3,"column":56},"end":{"line":13,"column":null}}}},"branchMap":{"0":{"loc":{"start":{"line":4,"column":4},"end":{"line":12,"column":null}},"type":"if","locations":[{"start":{"line":4,"column":4},"end":{"line":12,"column":null}},{"start":{"line":8,"column":11},"end":{"line":12,"column":null}}]},"1":{"loc":{"start":{"line":8,"column":11},"end":{"line":12,"column":null}},"type":"if","locations":[{"start":{"line":8,"column":11},"end":{"line":12,"column":null}}]}},"s":{"0":2,"1":2,"2":2,"3":0,"4":0},"f":{"0":2},"b":{"0":[2,0],"1":[0]}}
}
