TN:
SF:src/OcrPng2Pdf.ts
FN:8,(anonymous_2)
FN:19,(anonymous_3)
FNF:2
FNH:1
FNDA:0,(anonymous_2)
FNDA:2,(anonymous_3)
DA:1,1
DA:2,1
DA:3,1
DA:4,1
DA:6,2
DA:9,0
DA:10,0
DA:11,0
DA:12,0
DA:14,0
DA:16,0
DA:20,2
DA:23,2
DA:24,2
DA:25,2
LF:15
LH:9
DA:20,2
DA:23,2
DA:24,2
DA:25,2
LF:15
LH:9
BRDA:8,0,0,0
BRDA:8,1,0,0
BRDA:12,2,0,0
BRDA:19,3,0,2
BRDA:19,3,0,2
BRF:4
BRH:1
end_of_record
TN:
SF:src/utils/Logger.ts
FN:3,simpleLog
FNF:1
FNH:1
FNDA:2,simpleLog
DA:3,2
DA:4,2
DA:7,2
DA:8,0
DA:11,0
LF:5
LH:3
BRDA:4,0,0,2
BRDA:4,0,1,0
BRDA:8,1,0,0
BRF:3
BRH:1
end_of_record
