TN:
SF:src\OcrPng2Pdf.ts
FN:8,(anonymous_2)
FN:19,(anonymous_3)
FNF:2
FNH:1
FNDA:0,(anonymous_2)
FNDA:2,(anonymous_3)
DA:1,2
DA:2,2
DA:3,2
DA:4,2
DA:6,2
DA:9,0
DA:10,0
DA:11,0
DA:12,0
DA:14,0
DA:16,0
DA:20,2
DA:23,2
DA:24,2
DA:25,2
LF:15
LH:9
BRDA:8,0,0,0
BRDA:8,1,0,0
BRDA:12,2,0,0
BRDA:19,3,0,2
BRF:4
BRH:1
end_of_record
TN:
SF:src\Pdf2Png.ts
FN:7,(anonymous_5)
FN:9,(anonymous_6)
FNF:2
FNH:2
FNDA:2,(anonymous_5)
FNDA:2,(anonymous_6)
DA:1,1
DA:6,2
DA:9,2
DA:13,0
DA:14,0
DA:16,0
DA:20,0
DA:22,0
DA:30,0
DA:32,0
DA:33,0
DA:34,0
DA:35,0
DA:36,0
DA:38,0
DA:39,0
DA:41,0
DA:45,0
DA:51,0
DA:52,0
DA:53,0
DA:54,0
DA:57,0
DA:58,0
DA:60,0
DA:62,0
DA:64,0
DA:68,0
LF:28
LH:3
BRDA:35,0,0,0
BRDA:57,1,0,0
BRDA:58,2,0,0
BRDA:58,2,1,0
BRDA:62,3,0,0
BRF:5
BRH:0
end_of_record
TN:
SF:src\PdfMerge.ts
FN:2,(anonymous_1)
FN:9,(anonymous_2)
FNF:2
FNH:0
FNDA:0,(anonymous_1)
FNDA:0,(anonymous_2)
DA:1,0
DA:3,0
DA:4,0
DA:6,0
DA:7,0
DA:8,0
DA:9,0
DA:11,0
LF:8
LH:0
BRF:0
BRH:0
end_of_record
TN:
SF:src\PdfOcr.ts
FN:18,(anonymous_2)
FN:58,(anonymous_3)
FN:65,(anonymous_4)
FNF:3
FNH:2
FNDA:2,(anonymous_2)
FNDA:1,(anonymous_3)
FNDA:0,(anonymous_4)
DA:1,1
DA:2,1
DA:3,1
DA:4,1
DA:5,1
DA:6,1
DA:12,0
DA:19,2
DA:20,0
DA:21,0
DA:23,0
DA:24,0
DA:25,0
DA:27,0
DA:29,0
DA:30,0
DA:31,0
DA:32,0
DA:33,0
DA:35,0
DA:36,0
DA:37,0
DA:39,0
DA:40,0
DA:41,0
DA:44,0
DA:45,0
DA:47,0
DA:59,1
DA:60,1
DA:61,0
DA:62,0
DA:63,0
DA:65,0
DA:66,0
DA:67,0
DA:68,0
DA:71,0
DA:72,0
DA:76,0
DA:81,1
LF:41
LH:10
BRDA:18,0,0,1
BRDA:20,1,0,0
BRDA:29,2,0,0
BRDA:36,3,0,0
BRDA:40,4,0,0
BRDA:44,5,0,0
BRDA:61,6,0,0
BRDA:66,7,0,0
BRDA:66,7,1,0
BRDA:67,8,0,0
BRDA:71,9,0,0
BRF:11
BRH:1
end_of_record
TN:
SF:src\utils\Logger.ts
FN:3,simpleLog
FNF:1
FNH:1
FNDA:4,simpleLog
DA:3,6
DA:4,4
DA:7,4
DA:8,0
DA:11,0
LF:5
LH:3
BRDA:4,0,0,4
BRDA:4,0,1,0
BRDA:8,1,0,0
BRF:3
BRH:1
end_of_record
TN:
SF:src\utils\NodeCanvasFactory.ts
FN:10,(anonymous_2)
FN:20,(anonymous_3)
FN:27,(anonymous_4)
FNF:3
FNH:0
FNDA:0,(anonymous_2)
FNDA:0,(anonymous_3)
FNDA:0,(anonymous_4)
DA:1,1
DA:2,1
DA:9,0
DA:11,0
DA:12,0
DA:13,0
DA:14,0
DA:21,0
DA:22,0
DA:23,0
DA:24,0
DA:28,0
DA:29,0
DA:30,0
LF:14
LH:2
BRDA:11,0,0,0
BRDA:11,0,1,0
BRDA:22,1,0,0
BRDA:22,1,1,0
BRF:4
BRH:0
end_of_record
